2025-03-02 05:42:14,087 - ERROR - File data\employee_data.csv does not exist.
2025-03-02 05:46:55,601 - INFO - Successfully read file: data\employee_data_raw.csv
2025-03-02 05:46:55,602 - INFO - Dataset contains 21 records.
2025-03-02 17:28:38,276 - INFO - Successfully read file: data\employee_data_raw.csv
2025-03-02 17:28:38,276 - INFO - Dataset contains 21 records.
2025-03-02 17:28:38,290 - INFO - Converted Joining Date to standardized format.
2025-03-02 17:28:38,300 - INFO - Removed rows with missing Employee ID or Name.
2025-03-02 17:28:38,303 - INFO - Standardized Name capitalization.
2025-03-02 17:28:38,305 - INFO - Removed blank columns.
2025-03-02 17:28:38,306 - INFO - Dropped irrelevant columns: ['Extra Notes', 'Address']
2025-03-02 17:28:38,307 - INFO - Converted Salary to numeric format.
2025-03-02 17:28:38,307 - INFO - Converted Performance Rating to numeric format.
2025-03-02 17:28:38,312 - INFO - Filled missing values in Salary with median: 83839.0
2025-03-02 17:28:38,312 - INFO - Filled missing values in Performance Rating with median: 4.300000000000001
2025-03-02 17:28:38,312 - INFO - Data cleaning complete.
2025-03-02 21:30:18,298 - INFO - Successfully read file: data\employee_data_raw.csv
2025-03-02 21:30:18,299 - INFO - Dataset contains 21 records.
2025-03-02 21:30:18,318 - INFO - Converted Joining Date to standardized format.
2025-03-02 21:30:18,332 - INFO - Removed rows with missing Employee ID or Name.
2025-03-02 21:30:18,335 - INFO - Standardized Name capitalization.
2025-03-02 21:30:18,336 - INFO - Removed blank columns.
2025-03-02 21:30:18,337 - INFO - Dropped irrelevant columns: ['Extra Notes', 'Address']
2025-03-02 21:30:18,338 - INFO - Converted Salary to numeric format.
2025-03-02 21:30:18,338 - INFO - Converted Performance Rating to numeric format.
2025-03-02 21:30:18,343 - INFO - Filled missing values in Salary with median: 83839.0
2025-03-02 21:30:18,344 - INFO - Filled missing values in Performance Rating with median: 4.300000000000001
2025-03-02 21:30:18,344 - INFO - Data cleaning complete.
2025-03-02 21:30:18,346 - INFO - Converted Joining Date to standardized format.
2025-03-02 21:30:18,347 - INFO - Removed rows with missing Employee ID or Name.
2025-03-02 21:30:18,348 - INFO - Standardized Name capitalization.
2025-03-02 21:30:18,349 - INFO - Removed blank columns.
2025-03-02 21:30:18,349 - INFO - Dropped irrelevant columns: ['Extra Notes', 'Address']
2025-03-02 21:30:18,350 - INFO - Converted Salary to numeric format.
2025-03-02 21:30:18,350 - INFO - Converted Performance Rating to numeric format.
2025-03-02 21:30:18,351 - INFO - Filled missing values in Salary with median: 83839.0
2025-03-02 21:30:18,352 - INFO - Filled missing values in Performance Rating with median: 4.300000000000001
2025-03-02 21:30:18,352 - INFO - Data cleaning complete.
2025-03-02 21:33:15,182 - INFO - Successfully read file: data\employee_data_raw.csv
2025-03-02 21:33:15,183 - INFO - Dataset contains 21 records.
2025-03-02 21:33:15,186 - INFO - Converted Joining Date to standardized format.
2025-03-02 21:33:15,188 - INFO - Removed rows with missing Employee ID or Name.
2025-03-02 21:33:15,189 - INFO - Standardized Name capitalization.
2025-03-02 21:33:15,190 - INFO - Removed blank columns.
2025-03-02 21:33:15,191 - INFO - Dropped irrelevant columns: ['Extra Notes', 'Address']
2025-03-02 21:33:15,191 - INFO - Converted Salary to numeric format.
2025-03-02 21:33:15,192 - INFO - Converted Performance Rating to numeric format.
2025-03-02 21:33:15,193 - INFO - Filled missing values in Salary with median: 83839.0
2025-03-02 21:33:15,193 - INFO - Filled missing values in Performance Rating with median: 4.300000000000001
2025-03-02 21:33:15,194 - INFO - Data cleaning complete.
2025-03-02 21:33:15,196 - INFO - Converted Joining Date to standardized format.
2025-03-02 21:33:15,198 - INFO - Removed rows with missing Employee ID or Name.
2025-03-02 21:33:15,199 - INFO - Standardized Name capitalization.
2025-03-02 21:33:15,199 - INFO - Removed blank columns.
2025-03-02 21:33:15,200 - INFO - Dropped irrelevant columns: ['Extra Notes', 'Address']
2025-03-02 21:33:15,201 - INFO - Converted Salary to numeric format.
2025-03-02 21:33:15,201 - INFO - Converted Performance Rating to numeric format.
2025-03-02 21:33:15,202 - INFO - Filled missing values in Salary with median: 83839.0
2025-03-02 21:33:15,202 - INFO - Filled missing values in Performance Rating with median: 4.300000000000001
2025-03-02 21:33:15,203 - INFO - Data cleaning complete.
2025-03-02 21:33:15,211 - INFO - Cleaned data saved to data/cleaned_employee_data.csv
2025-03-02 22:35:02,197 - INFO - Successfully read file: data\employee_data_raw.csv
2025-03-02 22:35:02,197 - INFO - Dataset contains 21 records.
2025-03-02 22:35:02,202 - INFO - Converted Joining Date to standardized format.
2025-03-02 22:35:02,205 - INFO - Removed rows with missing Employee ID or Name.
2025-03-02 22:35:02,206 - INFO - Standardized Name capitalization.
2025-03-02 22:35:02,207 - INFO - Cleaned unwanted characters from Name
2025-03-02 22:35:02,207 - INFO - Cleaned unwanted characters from Department
2025-03-02 22:35:02,208 - INFO - Removed blank columns.
2025-03-02 22:35:02,208 - INFO - Dropped irrelevant columns: ['Extra Notes', 'Address']
2025-03-02 22:35:02,208 - INFO - Converted Salary to numeric format.
2025-03-02 22:35:02,209 - INFO - Converted Performance Rating to numeric format.
2025-03-02 22:35:02,210 - INFO - Filled missing values in Salary with median: 83839.0
2025-03-02 22:35:02,210 - INFO - Filled missing values in Performance Rating with median: 4.300000000000001
2025-03-02 22:35:02,210 - INFO - Data cleaning complete.
2025-03-02 22:35:02,212 - INFO - Cleaned data saved to data/cleaned_employee_data.csv
2025-03-02 23:23:11,548 - INFO - Successfully read file: data\employee_data_raw.csv
2025-03-02 23:23:11,548 - INFO - Dataset contains 21 records.
2025-03-02 23:23:11,550 - INFO - Converted Joining Date to standardized format.
2025-03-02 23:23:11,551 - INFO - Removed rows with missing Employee ID or Name.
2025-03-02 23:23:11,552 - INFO - Standardized Name capitalization.
2025-03-02 23:23:11,553 - INFO - Cleaned unwanted characters from Name
2025-03-02 23:23:11,553 - INFO - Cleaned unwanted characters from Department
2025-03-02 23:23:11,554 - INFO - Removed blank columns.
2025-03-02 23:23:11,554 - INFO - Dropped irrelevant columns: ['Extra Notes', 'Address']
2025-03-02 23:23:11,554 - INFO - Converted Salary to numeric format.
2025-03-02 23:23:11,554 - INFO - Converted Performance Rating to numeric format.
2025-03-02 23:23:11,555 - INFO - Filled missing values in Salary with median: 83839.0
2025-03-02 23:23:11,555 - INFO - Filled missing values in Performance Rating with median: 4.300000000000001
2025-03-02 23:23:11,555 - INFO - Data cleaning complete.
2025-03-02 23:23:11,557 - INFO - Cleaned data saved to data/cleaned_employee_data.csv
2025-03-02 23:23:11,558 - INFO - Converted Joining Date to standardized format.
2025-03-02 23:23:11,558 - INFO - Removed rows with missing Employee ID or Name.
2025-03-02 23:23:11,559 - INFO - Standardized Name capitalization.
2025-03-02 23:23:11,559 - INFO - Cleaned unwanted characters from Name
2025-03-02 23:23:11,559 - INFO - Cleaned unwanted characters from Department
2025-03-02 23:23:11,560 - INFO - Removed blank columns.
2025-03-02 23:23:11,560 - INFO - Dropped irrelevant columns: ['Extra Notes', 'Address']
2025-03-02 23:23:11,560 - INFO - Converted Salary to numeric format.
2025-03-02 23:23:11,560 - INFO - Converted Performance Rating to numeric format.
2025-03-02 23:23:11,560 - INFO - Filled missing values in Salary with median: 83839.0
2025-03-02 23:23:11,561 - INFO - Filled missing values in Performance Rating with median: 4.300000000000001
2025-03-02 23:23:11,561 - INFO - Data cleaning complete.
2025-03-02 23:23:11,571 - INFO - Database and table created successfully.
2025-03-02 23:23:11,581 - INFO - Cleaned data inserted into database successfully.
2025-03-02 23:23:11,581 - INFO - Data storage process completed.
2025-03-03 01:35:08 - INFO - Successfully read file: data\employee_data_raw.csv
2025-03-03 01:35:08 - INFO - Dataset contains 21 records.
2025-03-03 01:35:08 - INFO - Converted Joining Date to standardized format.
2025-03-03 01:35:08 - INFO - Removed rows with missing Employee ID or Name.
2025-03-03 01:35:08 - INFO - Standardized Name capitalization.
2025-03-03 01:35:08 - INFO - Cleaned unwanted characters from Name
2025-03-03 01:35:08 - INFO - Cleaned unwanted characters from Department
2025-03-03 01:35:08 - INFO - Removed blank columns.
2025-03-03 01:35:08 - INFO - Dropped irrelevant columns: ['Extra Notes', 'Address']
2025-03-03 01:35:08 - INFO - Converted Salary to numeric format.
2025-03-03 01:35:08 - INFO - Converted Performance Rating to numeric format.
2025-03-03 01:35:08 - INFO - Filled missing values in Salary with median: 83839.0
2025-03-03 01:35:08 - INFO - Filled missing values in Performance Rating with median: 4.300000000000001
2025-03-03 01:35:08 - INFO - Data cleaning complete.
2025-03-03 01:35:08 - INFO - Cleaned data saved to data/cleaned_employee_data.csv
2025-03-03 01:35:08 - INFO - Converted Joining Date to standardized format.
2025-03-03 01:35:08 - INFO - Removed rows with missing Employee ID or Name.
2025-03-03 01:35:08 - INFO - Standardized Name capitalization.
2025-03-03 01:35:08 - INFO - Cleaned unwanted characters from Name
2025-03-03 01:35:08 - INFO - Cleaned unwanted characters from Department
2025-03-03 01:35:08 - INFO - Removed blank columns.
2025-03-03 01:35:08 - INFO - Dropped irrelevant columns: ['Extra Notes', 'Address']
2025-03-03 01:35:08 - INFO - Converted Salary to numeric format.
2025-03-03 01:35:08 - INFO - Converted Performance Rating to numeric format.
2025-03-03 01:35:08 - INFO - Filled missing values in Salary with median: 83839.0
2025-03-03 01:35:08 - INFO - Filled missing values in Performance Rating with median: 4.300000000000001
2025-03-03 01:35:08 - INFO - Data cleaning complete.
2025-03-03 01:35:08 - INFO - Database and table created successfully.
2025-03-03 01:35:08 - INFO - Cleaned data inserted into database successfully.
2025-03-03 01:35:08 - INFO - Data storage process completed.
2025-03-03 02:01:27 - INFO - Successfully read file: data\employee_data_raw.csv
2025-03-03 02:01:27 - INFO - Dataset contains 21 records.
2025-03-03 02:01:27 - INFO - Converted Joining Date to standardized format.
2025-03-03 02:01:27 - INFO - Removed rows with missing Employee ID or Name.
2025-03-03 02:01:27 - INFO - Standardized Name capitalization.
2025-03-03 02:01:27 - INFO - Cleaned unwanted characters from Name
2025-03-03 02:01:27 - INFO - Cleaned unwanted characters from Department
2025-03-03 02:01:27 - INFO - Removed blank columns.
2025-03-03 02:01:27 - INFO - Dropped irrelevant columns: ['Extra Notes', 'Address']
2025-03-03 02:01:27 - INFO - Converted Salary to numeric format.
2025-03-03 02:01:27 - INFO - Converted Performance Rating to numeric format.
2025-03-03 02:01:27 - INFO - Filled missing values in Salary with median: 83839.0
2025-03-03 02:01:27 - INFO - Filled missing values in Performance Rating with median: 4.300000000000001
2025-03-03 02:01:27 - INFO - Data cleaning complete.
2025-03-03 02:01:27 - INFO - Cleaned data saved to data/cleaned_employee_data.csv
2025-03-03 02:01:27 - INFO - Converted Joining Date to standardized format.
2025-03-03 02:01:27 - INFO - Removed rows with missing Employee ID or Name.
2025-03-03 02:01:27 - INFO - Standardized Name capitalization.
2025-03-03 02:01:27 - INFO - Cleaned unwanted characters from Name
2025-03-03 02:01:27 - INFO - Cleaned unwanted characters from Department
2025-03-03 02:01:27 - INFO - Removed blank columns.
2025-03-03 02:01:27 - INFO - Dropped irrelevant columns: ['Extra Notes', 'Address']
2025-03-03 02:01:27 - INFO - Converted Salary to numeric format.
2025-03-03 02:01:27 - INFO - Converted Performance Rating to numeric format.
2025-03-03 02:01:27 - INFO - Filled missing values in Salary with median: 83839.0
2025-03-03 02:01:27 - INFO - Filled missing values in Performance Rating with median: 4.300000000000001
2025-03-03 02:01:27 - INFO - Data cleaning complete.
2025-03-03 02:01:27 - INFO - Database and table created successfully.
2025-03-03 02:01:27 - INFO - Cleaned data inserted into database successfully.
2025-03-03 02:01:27 - INFO - Data storage process completed.
2025-03-03 02:01:27 - INFO - Successfully read file: data\employee_data_raw.csv
2025-03-03 02:01:27 - INFO - Dataset contains 21 records.
2025-03-03 02:01:27 - INFO - Converted Joining Date to standardized format.
2025-03-03 02:01:27 - INFO - Removed rows with missing Employee ID or Name.
2025-03-03 02:01:27 - INFO - Standardized Name capitalization.
2025-03-03 02:01:27 - INFO - Cleaned unwanted characters from Name
2025-03-03 02:01:27 - INFO - Cleaned unwanted characters from Department
2025-03-03 02:01:27 - INFO - Removed blank columns.
2025-03-03 02:01:27 - INFO - Dropped irrelevant columns: ['Extra Notes', 'Address']
2025-03-03 02:01:27 - INFO - Converted Salary to numeric format.
2025-03-03 02:01:27 - INFO - Converted Performance Rating to numeric format.
2025-03-03 02:01:27 - INFO - Filled missing values in Salary with median: 83839.0
2025-03-03 02:01:27 - INFO - Filled missing values in Performance Rating with median: 4.300000000000001
2025-03-03 02:01:27 - INFO - Data cleaning complete.
2025-03-03 02:01:27 - INFO - Database and table created successfully.
2025-03-03 02:01:27 - INFO - Cleaned data inserted into database successfully.
2025-03-03 02:01:27 - INFO - Data storage process completed.
2025-03-03 02:03:15 - INFO - Successfully read file: data\employee_data_raw.csv
2025-03-03 02:03:15 - INFO - Dataset contains 21 records.
2025-03-03 02:03:15 - INFO - Converted Joining Date to standardized format.
2025-03-03 02:03:15 - INFO - Removed rows with missing Employee ID or Name.
2025-03-03 02:03:15 - INFO - Standardized Name capitalization.
2025-03-03 02:03:15 - INFO - Cleaned unwanted characters from Name
2025-03-03 02:03:15 - INFO - Cleaned unwanted characters from Department
2025-03-03 02:03:15 - INFO - Removed blank columns.
2025-03-03 02:03:15 - INFO - Dropped irrelevant columns: ['Extra Notes', 'Address']
2025-03-03 02:03:15 - INFO - Converted Salary to numeric format.
2025-03-03 02:03:15 - INFO - Converted Performance Rating to numeric format.
2025-03-03 02:03:15 - INFO - Filled missing values in Salary with median: 83839.0
2025-03-03 02:03:15 - INFO - Filled missing values in Performance Rating with median: 4.300000000000001
2025-03-03 02:03:15 - INFO - Data cleaning complete.
2025-03-03 02:03:15 - INFO - Cleaned data saved to data/cleaned_employee_data.csv
2025-03-03 02:03:15 - INFO - Converted Joining Date to standardized format.
2025-03-03 02:03:15 - INFO - Removed rows with missing Employee ID or Name.
2025-03-03 02:03:15 - INFO - Standardized Name capitalization.
2025-03-03 02:03:15 - INFO - Cleaned unwanted characters from Name
2025-03-03 02:03:15 - INFO - Cleaned unwanted characters from Department
2025-03-03 02:03:15 - INFO - Removed blank columns.
2025-03-03 02:03:15 - INFO - Dropped irrelevant columns: ['Extra Notes', 'Address']
2025-03-03 02:03:15 - INFO - Converted Salary to numeric format.
2025-03-03 02:03:15 - INFO - Converted Performance Rating to numeric format.
2025-03-03 02:03:15 - INFO - Filled missing values in Salary with median: 83839.0
2025-03-03 02:03:15 - INFO - Filled missing values in Performance Rating with median: 4.300000000000001
2025-03-03 02:03:15 - INFO - Data cleaning complete.
2025-03-03 02:03:15 - INFO - Database and table created successfully.
2025-03-03 02:03:15 - INFO - Cleaned data inserted into database successfully.
2025-03-03 02:03:15 - INFO - Data storage process completed.
2025-03-03 02:03:15 - ERROR - File my_data/employee_data_raw.csv does not exist.
2025-03-03 02:06:52 - INFO - Successfully read file: data\employee_data_raw.csv
2025-03-03 02:06:52 - INFO - Dataset contains 21 records.
2025-03-03 02:06:52 - INFO - Converted Joining Date to standardized format.
2025-03-03 02:06:52 - INFO - Removed rows with missing Employee ID or Name.
2025-03-03 02:06:52 - INFO - Standardized Name capitalization.
2025-03-03 02:06:52 - INFO - Cleaned unwanted characters from Name
2025-03-03 02:06:52 - INFO - Cleaned unwanted characters from Department
2025-03-03 02:06:52 - INFO - Removed blank columns.
2025-03-03 02:06:52 - INFO - Dropped irrelevant columns: ['Extra Notes', 'Address']
2025-03-03 02:06:52 - INFO - Converted Salary to numeric format.
2025-03-03 02:06:52 - INFO - Converted Performance Rating to numeric format.
2025-03-03 02:06:52 - INFO - Filled missing values in Salary with median: 83839.0
2025-03-03 02:06:52 - INFO - Filled missing values in Performance Rating with median: 4.300000000000001
2025-03-03 02:06:52 - INFO - Data cleaning complete.
2025-03-03 02:06:52 - INFO - Cleaned data saved to data/cleaned_employee_data.csv
2025-03-03 02:06:52 - INFO - Converted Joining Date to standardized format.
2025-03-03 02:06:52 - INFO - Removed rows with missing Employee ID or Name.
2025-03-03 02:06:52 - INFO - Standardized Name capitalization.
2025-03-03 02:06:52 - INFO - Cleaned unwanted characters from Name
2025-03-03 02:06:52 - INFO - Cleaned unwanted characters from Department
2025-03-03 02:06:52 - INFO - Removed blank columns.
2025-03-03 02:06:52 - INFO - Dropped irrelevant columns: ['Extra Notes', 'Address']
2025-03-03 02:06:52 - INFO - Converted Salary to numeric format.
2025-03-03 02:06:52 - INFO - Converted Performance Rating to numeric format.
2025-03-03 02:06:52 - INFO - Filled missing values in Salary with median: 83839.0
2025-03-03 02:06:52 - INFO - Filled missing values in Performance Rating with median: 4.300000000000001
2025-03-03 02:06:52 - INFO - Data cleaning complete.
2025-03-03 02:06:52 - INFO - Database and table created successfully.
2025-03-03 02:06:52 - INFO - Cleaned data inserted into database successfully.
2025-03-03 02:06:52 - INFO - Data storage process completed.
2025-03-03 02:06:52 - ERROR - File _data/employee_data_raw.csv does not exist.
2025-03-03 02:07:35 - INFO - Successfully read file: data\employee_data_raw.csv
2025-03-03 02:07:35 - INFO - Dataset contains 21 records.
2025-03-03 02:07:35 - INFO - Converted Joining Date to standardized format.
2025-03-03 02:07:35 - INFO - Removed rows with missing Employee ID or Name.
2025-03-03 02:07:35 - INFO - Standardized Name capitalization.
2025-03-03 02:07:35 - INFO - Cleaned unwanted characters from Name
2025-03-03 02:07:35 - INFO - Cleaned unwanted characters from Department
2025-03-03 02:07:35 - INFO - Removed blank columns.
2025-03-03 02:07:35 - INFO - Dropped irrelevant columns: ['Extra Notes', 'Address']
2025-03-03 02:07:35 - INFO - Converted Salary to numeric format.
2025-03-03 02:07:35 - INFO - Converted Performance Rating to numeric format.
2025-03-03 02:07:35 - INFO - Filled missing values in Salary with median: 83839.0
2025-03-03 02:07:35 - INFO - Filled missing values in Performance Rating with median: 4.300000000000001
2025-03-03 02:07:35 - INFO - Data cleaning complete.
2025-03-03 02:07:35 - INFO - Cleaned data saved to data/cleaned_employee_data.csv
2025-03-03 02:07:35 - INFO - Converted Joining Date to standardized format.
2025-03-03 02:07:35 - INFO - Removed rows with missing Employee ID or Name.
2025-03-03 02:07:35 - INFO - Standardized Name capitalization.
2025-03-03 02:07:35 - INFO - Cleaned unwanted characters from Name
2025-03-03 02:07:35 - INFO - Cleaned unwanted characters from Department
2025-03-03 02:07:35 - INFO - Removed blank columns.
2025-03-03 02:07:35 - INFO - Dropped irrelevant columns: ['Extra Notes', 'Address']
2025-03-03 02:07:35 - INFO - Converted Salary to numeric format.
2025-03-03 02:07:35 - INFO - Converted Performance Rating to numeric format.
2025-03-03 02:07:35 - INFO - Filled missing values in Salary with median: 83839.0
2025-03-03 02:07:35 - INFO - Filled missing values in Performance Rating with median: 4.300000000000001
2025-03-03 02:07:35 - INFO - Data cleaning complete.
2025-03-03 02:07:35 - INFO - Database and table created successfully.
2025-03-03 02:07:35 - INFO - Cleaned data inserted into database successfully.
2025-03-03 02:07:35 - INFO - Data storage process completed.
2025-03-03 02:07:35 - INFO - Successfully read file: data/employee_data_raw.csv
2025-03-03 02:07:35 - INFO - Dataset contains 21 records.
2025-03-03 02:07:35 - INFO - Converted Joining Date to standardized format.
2025-03-03 02:07:35 - INFO - Removed rows with missing Employee ID or Name.
2025-03-03 02:07:35 - INFO - Standardized Name capitalization.
2025-03-03 02:07:35 - INFO - Cleaned unwanted characters from Name
2025-03-03 02:07:35 - INFO - Cleaned unwanted characters from Department
2025-03-03 02:07:35 - INFO - Removed blank columns.
2025-03-03 02:07:35 - INFO - Dropped irrelevant columns: ['Extra Notes', 'Address']
2025-03-03 02:07:35 - INFO - Converted Salary to numeric format.
2025-03-03 02:07:35 - INFO - Converted Performance Rating to numeric format.
2025-03-03 02:07:35 - INFO - Filled missing values in Salary with median: 83839.0
2025-03-03 02:07:35 - INFO - Filled missing values in Performance Rating with median: 4.300000000000001
2025-03-03 02:07:35 - INFO - Data cleaning complete.
2025-03-03 02:07:35 - INFO - Database and table created successfully.
2025-03-03 02:07:35 - INFO - Cleaned data inserted into database successfully.
2025-03-03 02:07:35 - INFO - Data storage process completed.
2025-03-03 02:10:13 - INFO - Successfully read file: data\employee_data_raw.csv
2025-03-03 02:10:13 - INFO - Dataset contains 21 records.
2025-03-03 02:10:13 - INFO - Converted Joining Date to standardized format.
2025-03-03 02:10:13 - INFO - Removed rows with missing Employee ID or Name.
2025-03-03 02:10:13 - INFO - Standardized Name capitalization.
2025-03-03 02:10:13 - INFO - Cleaned unwanted characters from Name
2025-03-03 02:10:13 - INFO - Cleaned unwanted characters from Department
2025-03-03 02:10:13 - INFO - Removed blank columns.
2025-03-03 02:10:13 - INFO - Dropped irrelevant columns: ['Extra Notes', 'Address']
2025-03-03 02:10:13 - INFO - Converted Salary to numeric format.
2025-03-03 02:10:13 - INFO - Converted Performance Rating to numeric format.
2025-03-03 02:10:13 - INFO - Filled missing values in Salary with median: 83839.0
2025-03-03 02:10:13 - INFO - Filled missing values in Performance Rating with median: 4.300000000000001
2025-03-03 02:10:13 - INFO - Data cleaning complete.
2025-03-03 02:10:13 - INFO - Cleaned data saved to data/cleaned_employee_data.csv
2025-03-03 02:10:13 - INFO - Converted Joining Date to standardized format.
2025-03-03 02:10:13 - INFO - Removed rows with missing Employee ID or Name.
2025-03-03 02:10:13 - INFO - Standardized Name capitalization.
2025-03-03 02:10:13 - INFO - Cleaned unwanted characters from Name
2025-03-03 02:10:13 - INFO - Cleaned unwanted characters from Department
2025-03-03 02:10:13 - INFO - Removed blank columns.
2025-03-03 02:10:13 - INFO - Dropped irrelevant columns: ['Extra Notes', 'Address']
2025-03-03 02:10:13 - INFO - Converted Salary to numeric format.
2025-03-03 02:10:13 - INFO - Converted Performance Rating to numeric format.
2025-03-03 02:10:13 - INFO - Filled missing values in Salary with median: 83839.0
2025-03-03 02:10:13 - INFO - Filled missing values in Performance Rating with median: 4.300000000000001
2025-03-03 02:10:13 - INFO - Data cleaning complete.
2025-03-03 02:10:13 - INFO - Database and table created successfully.
2025-03-03 02:10:13 - INFO - Cleaned data inserted into database successfully.
2025-03-03 02:10:13 - INFO - Data storage process completed.
2025-03-03 02:10:13 - INFO - Successfully read file: data\employee_data_raw.csv
2025-03-03 02:10:13 - INFO - Dataset contains 21 records.
2025-03-03 02:10:13 - INFO - Converted Joining Date to standardized format.
2025-03-03 02:10:13 - INFO - Removed rows with missing Employee ID or Name.
2025-03-03 02:10:13 - INFO - Standardized Name capitalization.
2025-03-03 02:10:13 - INFO - Cleaned unwanted characters from Name
2025-03-03 02:10:13 - INFO - Cleaned unwanted characters from Department
2025-03-03 02:10:13 - INFO - Removed blank columns.
2025-03-03 02:10:13 - INFO - Dropped irrelevant columns: ['Extra Notes', 'Address']
2025-03-03 02:10:13 - INFO - Converted Salary to numeric format.
2025-03-03 02:10:13 - INFO - Converted Performance Rating to numeric format.
2025-03-03 02:10:13 - INFO - Filled missing values in Salary with median: 83839.0
2025-03-03 02:10:13 - INFO - Filled missing values in Performance Rating with median: 4.300000000000001
2025-03-03 02:10:13 - INFO - Data cleaning complete.
2025-03-03 02:10:13 - INFO - Database and table created successfully.
2025-03-03 02:10:13 - INFO - Cleaned data inserted into database successfully.
2025-03-03 02:10:13 - INFO - Data storage process completed.
2025-03-03 23:09:38 - INFO - Successfully read file: data\employee_data_raw.csv
2025-03-03 23:09:38 - INFO - Dataset contains 21 records.
2025-03-03 23:09:38 - INFO - Converted Joining Date to standardized format.
2025-03-03 23:09:38 - INFO - Removed rows with missing Employee ID or Name.
2025-03-03 23:09:38 - INFO - Standardized Name capitalization.
2025-03-03 23:09:38 - INFO - Cleaned unwanted characters from Name
2025-03-03 23:09:38 - INFO - Cleaned unwanted characters from Department
2025-03-03 23:09:38 - INFO - Removed blank columns.
2025-03-03 23:09:38 - INFO - Dropped irrelevant columns: ['Extra Notes', 'Address']
2025-03-03 23:09:38 - INFO - Converted Salary to numeric format.
2025-03-03 23:09:38 - INFO - Converted Performance Rating to numeric format.
2025-03-03 23:09:38 - INFO - Filled missing values in Salary with median: 83839.0
2025-03-03 23:09:38 - INFO - Filled missing values in Performance Rating with median: 4.300000000000001
2025-03-03 23:09:38 - INFO - Data cleaning complete.
2025-03-03 23:09:38 - INFO - Cleaned data saved to data/cleaned_employee_data.csv
2025-03-03 23:09:38 - INFO - Converted Joining Date to standardized format.
2025-03-03 23:09:38 - INFO - Removed rows with missing Employee ID or Name.
2025-03-03 23:09:38 - INFO - Standardized Name capitalization.
2025-03-03 23:09:38 - INFO - Cleaned unwanted characters from Name
2025-03-03 23:09:38 - INFO - Cleaned unwanted characters from Department
2025-03-03 23:09:38 - INFO - Removed blank columns.
2025-03-03 23:09:38 - INFO - Dropped irrelevant columns: ['Extra Notes', 'Address']
2025-03-03 23:09:38 - INFO - Converted Salary to numeric format.
2025-03-03 23:09:38 - INFO - Converted Performance Rating to numeric format.
2025-03-03 23:09:38 - INFO - Filled missing values in Salary with median: 83839.0
2025-03-03 23:09:38 - INFO - Filled missing values in Performance Rating with median: 4.300000000000001
2025-03-03 23:09:38 - INFO - Data cleaning complete.
2025-03-03 23:09:38 - INFO - Database and table created successfully.
2025-03-03 23:09:38 - INFO - Cleaned data inserted into database successfully.
2025-03-03 23:09:38 - INFO - Data storage process completed.
2025-03-03 23:09:38 - INFO - Successfully read file: data\employee_data_raw.csv
2025-03-03 23:09:38 - INFO - Dataset contains 21 records.
2025-03-03 23:09:38 - INFO - Converted Joining Date to standardized format.
2025-03-03 23:09:38 - INFO - Removed rows with missing Employee ID or Name.
2025-03-03 23:09:38 - INFO - Standardized Name capitalization.
2025-03-03 23:09:38 - INFO - Cleaned unwanted characters from Name
2025-03-03 23:09:38 - INFO - Cleaned unwanted characters from Department
2025-03-03 23:09:38 - INFO - Removed blank columns.
2025-03-03 23:09:38 - INFO - Dropped irrelevant columns: ['Extra Notes', 'Address']
2025-03-03 23:09:38 - INFO - Converted Salary to numeric format.
2025-03-03 23:09:38 - INFO - Converted Performance Rating to numeric format.
2025-03-03 23:09:38 - INFO - Filled missing values in Salary with median: 83839.0
2025-03-03 23:09:38 - INFO - Filled missing values in Performance Rating with median: 4.300000000000001
2025-03-03 23:09:38 - INFO - Data cleaning complete.
2025-03-03 23:09:38 - INFO - Database and table created successfully.
2025-03-03 23:09:38 - INFO - Cleaned data inserted into database successfully.
2025-03-03 23:09:38 - INFO - Data storage process completed.
